<?xml version="1.0" encoding="UTF-8"?>
<!-- Generated by org.testng.reporters.JUnitXMLReporter -->
<testsuite ignored="2" hostname="DESKTOP-OAH7UN6" failures="0" tests="3" name="Testxml" time="0.121" errors="0" timestamp="2022-06-24T09:53:17 IST">
  <testcase classname="testNgKeywords.GroupingTest" name="a" time="0.023"/>
  <testcase classname="testNgKeywords.GroupingTest" name="d" time="0.004"/>
  <testcase classname="testNgKeywords.GroupingTest" name="f" time="0.006"/>
  <testcase classname="testNgKeywords.GroupingTest" name="e" time="0.0">
    <ignored/>
  </testcase> <!-- e -->
  <testcase classname="testNgKeywords.GroupingTest" name="q" time="0.0">
    <ignored/>
  </testcase> <!-- q -->
</testsuite> <!-- Testxml -->
