<?xml version="1.0" encoding="UTF-8"?>
<!-- Generated by org.testng.reporters.JUnitXMLReporter -->
<testsuite ignored="0" hostname="DESKTOP-OAH7UN6" failures="0" tests="2" name="Test" time="61.578" errors="0" timestamp="2022-07-05T17:22:23 IST">
  <testcase classname="KiteTest.ValidateKiteUserIDUsingProperty" name="@BeforeMethod loginToKiteApp" time="0.142">
    <failure type="org.openqa.selenium.ElementNotInteractableException" message="Element &amp;lt;input id=&amp;quot;userid&amp;quot; type=&amp;quot;text&amp;quot;&amp;gt; is not reachable by keyboard
Build info: version: &amp;apos;4.1.4&amp;apos;, revision: &amp;apos;535d840ee2&amp;apos;
System info: host: &amp;apos;DESKTOP-OAH7UN6&amp;apos;, ip: &amp;apos;192.168.43.86&amp;apos;, os.name: &amp;apos;Windows 10&amp;apos;, os.arch: &amp;apos;amd64&amp;apos;, os.version: &amp;apos;10.0&amp;apos;, java.version: &amp;apos;18&amp;apos;
Driver info: org.openqa.selenium.firefox.FirefoxDriver
Command: [000a139e-a6dc-48b0-b1b6-23cd1ef5e0fa, sendKeysToElement {id=3cf211f0-bc6b-46ec-a81b-51580727d87b, value=[Ljava.lang.CharSequence;@35088e87}]
Capabilities {acceptInsecureCerts: true, browserName: firefox, browserVersion: 102.0, javascriptEnabled: true, moz:accessibilityChecks: false, moz:buildID: 20220623063721, moz:debuggerAddress: localhost:50516, moz:geckodriverVersion: 0.31.0, moz:headless: false, moz:processID: 8148, moz:profile: C:\Users\shree\AppData\Loca..., moz:shutdownTimeout: 60000, moz:useNonSpecCompliantPointerOrigin: false, moz:webdriverClick: true, moz:windowless: false, pageLoadStrategy: normal, platform: WINDOWS, platformName: WINDOWS, platformVersion: 10.0, proxy: Proxy(), se:cdp: ws://localhost:50516/devtoo..., se:cdpVersion: 85.0, setWindowRect: true, strictFileInteractability: false, timeouts: {implicit: 0, pageLoad: 300000, script: 30000}, unhandledPromptBehavior: dismiss and notify}
Element: [[FirefoxDriver: firefox on WINDOWS (000a139e-a6dc-48b0-b1b6-23cd1ef5e0fa)] -&amp;gt; id: userid]
Session ID: 000a139e-a6dc-48b0-b1b6-23cd1ef5e0fa">
      <![CDATA[org.openqa.selenium.ElementNotInteractableException: Element <input id="userid" type="text"> is not reachable by keyboard
Build info: version: '4.1.4', revision: '535d840ee2'
System info: host: 'DESKTOP-OAH7UN6', ip: '192.168.43.86', os.name: 'Windows 10', os.arch: 'amd64', os.version: '10.0', java.version: '18'
Driver info: org.openqa.selenium.firefox.FirefoxDriver
Command: [000a139e-a6dc-48b0-b1b6-23cd1ef5e0fa, sendKeysToElement {id=3cf211f0-bc6b-46ec-a81b-51580727d87b, value=[Ljava.lang.CharSequence;@35088e87}]
Capabilities {acceptInsecureCerts: true, browserName: firefox, browserVersion: 102.0, javascriptEnabled: true, moz:accessibilityChecks: false, moz:buildID: 20220623063721, moz:debuggerAddress: localhost:50516, moz:geckodriverVersion: 0.31.0, moz:headless: false, moz:processID: 8148, moz:profile: C:\Users\shree\AppData\Loca..., moz:shutdownTimeout: 60000, moz:useNonSpecCompliantPointerOrigin: false, moz:webdriverClick: true, moz:windowless: false, pageLoadStrategy: normal, platform: WINDOWS, platformName: WINDOWS, platformVersion: 10.0, proxy: Proxy(), se:cdp: ws://localhost:50516/devtoo..., se:cdpVersion: 85.0, setWindowRect: true, strictFileInteractability: false, timeouts: {implicit: 0, pageLoad: 300000, script: 30000}, unhandledPromptBehavior: dismiss and notify}
Element: [[FirefoxDriver: firefox on WINDOWS (000a139e-a6dc-48b0-b1b6-23cd1ef5e0fa)] -> id: userid]
Session ID: 000a139e-a6dc-48b0-b1b6-23cd1ef5e0fa
at org.openqa.selenium.remote.codec.w3c.W3CHttpResponseCodec.createException(W3CHttpResponseCodec.java:200)
at org.openqa.selenium.remote.codec.w3c.W3CHttpResponseCodec.decode(W3CHttpResponseCodec.java:133)
at org.openqa.selenium.remote.codec.w3c.W3CHttpResponseCodec.decode(W3CHttpResponseCodec.java:53)
at org.openqa.selenium.remote.HttpCommandExecutor.execute(HttpCommandExecutor.java:184)
at org.openqa.selenium.remote.service.DriverCommandExecutor.invokeExecute(DriverCommandExecutor.java:167)
at org.openqa.selenium.remote.service.DriverCommandExecutor.execute(DriverCommandExecutor.java:142)
at org.openqa.selenium.remote.RemoteWebDriver.execute(RemoteWebDriver.java:567)
at org.openqa.selenium.remote.RemoteWebElement.execute(RemoteWebElement.java:251)
at org.openqa.selenium.remote.RemoteWebElement.sendKeys(RemoteWebElement.java:107)
at org.openqa.selenium.support.pagefactory.internal.LocatingElementHandler.invoke(LocatingElementHandler.java:52)
at jdk.proxy2/jdk.proxy2.$Proxy21.sendKeys(Unknown Source)
at KiteAppPOM.KiteLoginPage.sendUserName(KiteLoginPage.java:22)
at KiteTest.ValidateKiteUserIDUsingProperty.loginToKiteApp(ValidateKiteUserIDUsingProperty.java:48)
at java.base/java.util.ArrayList.forEach(ArrayList.java:1511)
... Removed 34 stack frames]]>
    </failure>
  </testcase> <!-- @BeforeMethod loginToKiteApp -->
  <testcase classname="KiteTest.ValidateKiteUserIDUsingProperty" name="@AfterMethod logOutFromKite" time="-1.657021943648E9">
    <skipped/>
  </testcase> <!-- @AfterMethod logOutFromKite -->
  <testcase classname="KiteTest.ValidateKiteUserIDUsingProperty" name="@AfterClass closeBrowser" time="-1.657021943653E9">
    <skipped/>
  </testcase> <!-- @AfterClass closeBrowser -->
  <testcase classname="KiteBase.Base" name="OpenFirefoxBrowser" time="18.607"/>
  <testcase classname="KiteTest.ValidateKiteUserIDUsingProperty" name="validateUserID" time="0.0">
    <skipped/>
  </testcase> <!-- validateUserID -->
</testsuite> <!-- Test -->
